<?xml version="1.0" encoding="UTF-8"?>
<testsuite xmlns:xsi="http://www.w3.org/2001/XMLSchema-instance" xsi:noNamespaceSchemaLocation="https://maven.apache.org/surefire/maven-surefire-plugin/xsd/surefire-test-report-3.0.xsd" version="3.0" name="com.vex.security.jwt.JwtTokenProviderSpringTest" time="0.626" tests="20" errors="0" skipped="0" failures="0">
  <properties>
[...]
</properties>
  <testcase name="testGetClientId" classname="com.vex.security.jwt.JwtTokenProviderSpringTest" time="0.213"/>
  <testcase name="testParseValidToken" classname="com.vex.security.jwt.JwtTokenProviderSpringTest" time="0.002"/>
  <testcase name="testCustomValidity" classname="com.vex.security.jwt.JwtTokenProviderSpringTest" time="0.001"/>
  <testcase name="testGetTokenId" classname="com.vex.security.jwt.JwtTokenProviderSpringTest" time="0.001"/>
  <testcase name="testParseTamperedToken" classname="com.vex.security.jwt.JwtTokenProviderSpringTest" time="0.005">
    <system-out><![CDATA[20:02:44.678 [main] ERROR com.vex.security.jwt.JwtTokenProvider -- Token签名验证失败: JWT signature does not match locally computed signature. JWT validity cannot be asserted and should not be trusted.
20:02:44.680 [main] ERROR com.vex.security.jwt.JwtTokenProvider -- Token验证失败: JWT signature does not match locally computed signature. JWT validity cannot be asserted and should not be trusted.
]]></system-out>
  </testcase>
  <testcase name="testGenerateRsaToken" classname="com.vex.security.jwt.JwtTokenProviderSpringTest" time="0.17"/>
  <testcase name="testTokenUniqueness" classname="com.vex.security.jwt.JwtTokenProviderSpringTest" time="0.002"/>
  <testcase name="testIsTokenExpired" classname="com.vex.security.jwt.JwtTokenProviderSpringTest" time="0.0"/>
  <testcase name="testParseRsaToken" classname="com.vex.security.jwt.JwtTokenProviderSpringTest" time="0.042"/>
  <testcase name="testValidateWithDifferentKey" classname="com.vex.security.jwt.JwtTokenProviderSpringTest" time="0.001">
    <system-out><![CDATA[20:02:44.899 [main] ERROR com.vex.security.jwt.JwtTokenProvider -- Token签名验证失败: JWT signature does not match locally computed signature. JWT validity cannot be asserted and should not be trusted.
20:02:44.899 [main] ERROR com.vex.security.jwt.JwtTokenProvider -- Token验证失败: JWT signature does not match locally computed signature. JWT validity cannot be asserted and should not be trusted.
]]></system-out>
  </testcase>
  <testcase name="testGetAllClaims" classname="com.vex.security.jwt.JwtTokenProviderSpringTest" time="0.002"/>
  <testcase name="testShortSecretKeyPadding" classname="com.vex.security.jwt.JwtTokenProviderSpringTest" time="0.001"/>
  <testcase name="testValidateValidToken" classname="com.vex.security.jwt.JwtTokenProviderSpringTest" time="0.0"/>
  <testcase name="testValidateInvalidToken" classname="com.vex.security.jwt.JwtTokenProviderSpringTest" time="0.001">
    <system-out><![CDATA[20:02:44.905 [main] ERROR com.vex.security.jwt.JwtTokenProvider -- Token格式错误: Malformed protected header JSON: Unable to deserialize: Unexpected character ('�' (code 65533 / 0xfffd)): expected a valid value (JSON String, Number, Array, Object or token 'null', 'true' or 'false')
 at [Source: REDACTED (`StreamReadFeature.INCLUDE_SOURCE_IN_LOCATION` disabled); line: 1, column: 1]
20:02:44.905 [main] ERROR com.vex.security.jwt.JwtTokenProvider -- Token验证失败: Malformed protected header JSON: Unable to deserialize: Unexpected character ('�' (code 65533 / 0xfffd)): expected a valid value (JSON String, Number, Array, Object or token 'null', 'true' or 'false')
 at [Source: REDACTED (`StreamReadFeature.INCLUDE_SOURCE_IN_LOCATION` disabled); line: 1, column: 1]
]]></system-out>
  </testcase>
  <testcase name="testDifferentIssuers" classname="com.vex.security.jwt.JwtTokenProviderSpringTest" time="0.002"/>
  <testcase name="testGetPublicKeyString" classname="com.vex.security.jwt.JwtTokenProviderSpringTest" time="0.108"/>
  <testcase name="testGenerateRefreshToken" classname="com.vex.security.jwt.JwtTokenProviderSpringTest" time="0.002"/>
  <testcase name="testGetPrivateKeyString" classname="com.vex.security.jwt.JwtTokenProviderSpringTest" time="0.019"/>
  <testcase name="testGetScopes" classname="com.vex.security.jwt.JwtTokenProviderSpringTest" time="0.001"/>
  <testcase name="testGenerateAccessToken" classname="com.vex.security.jwt.JwtTokenProviderSpringTest" time="0.0"/>
</testsuite>