<?xml version="1.0" encoding="UTF-8"?>
<testsuite xmlns:xsi="http://www.w3.org/2001/XMLSchema-instance" xsi:noNamespaceSchemaLocation="https://maven.apache.org/surefire/maven-surefire-plugin/xsd/surefire-test-report-3.0.xsd" version="3.0" name="com.vex.query.criteria.JsonSerializeTest" time="0.208" tests="9" errors="0" skipped="0" failures="0">
  <properties>
[...]
</properties>
  <testcase name="criteriaSerializeSubQuery" classname="com.vex.query.criteria.JsonSerializeTest" time="0.051"/>
  <testcase name="predicateDeserialize" classname="com.vex.query.criteria.JsonSerializeTest" time="0.027"/>
  <testcase name="conditionSerialize" classname="com.vex.query.criteria.JsonSerializeTest" time="0.002"/>
  <testcase name="operatorEnumSerialize" classname="com.vex.query.criteria.JsonSerializeTest" time="0.002"/>
  <testcase name="criteriaSerializeSimple" classname="com.vex.query.criteria.JsonSerializeTest" time="0.002"/>
  <testcase name="fullQuerySerialize" classname="com.vex.query.criteria.JsonSerializeTest" time="0.004"/>
  <testcase name="operatorEnumDeserialize" classname="com.vex.query.criteria.JsonSerializeTest" time="0.003"/>
  <testcase name="predicateSerialize" classname="com.vex.query.criteria.JsonSerializeTest" time="0.002"/>
  <testcase name="conditionDeserialize" classname="com.vex.query.criteria.JsonSerializeTest" time="0.001"/>
</testsuite>